[2025-12-30 14:07:15] local.ERROR: Database file at path [C:\Users\surya\Downloads\ContentAutomation\backend-laravel\database\database.sqlite] does not exist. Ensure this is an absolute path to the database. (Connection: sqlite, SQL: select exists (select 1 from "main".sqlite_master where name = 'migrations' and type = 'table') as "exists") {"exception":"[object] (Illuminate\\Database\\QueryException(code: 0): Database file at path [C:\\Users\\surya\\Downloads\\ContentAutomation\\backend-laravel\\database\\database.sqlite] does not exist. Ensure this is an absolute path to the database. (Connection: sqlite, SQL: select exists (select 1 from \"main\".sqlite_master where name = 'migrations' and type = 'table') as \"exists\") at C:\\Users\\surya\\Downloads\\ContentAutomation\\backend-laravel\\vendor\\laravel\\framework\\src\\Illuminate\\Database\\Connection.php:826)
[stacktrace]
#0 C:\\Users\\surya\\Downloads\\ContentAutomation\\backend-laravel\\vendor\\laravel\\framework\\src\\Illuminate\\Database\\Connection.php(780): Illuminate\\Database\\Connection->runQueryCallback()
#1 C:\\Users\\surya\\Downloads\\ContentAutomation\\backend-laravel\\vendor\\laravel\\framework\\src\\Illuminate\\Database\\Connection.php(397): Illuminate\\Database\\Connection->run()
#2 C:\\Users\\surya\\Downloads\\ContentAutomation\\backend-laravel\\vendor\\laravel\\framework\\src\\Illuminate\\Database\\Connection.php(343): Illuminate\\Database\\Connection->select()
#3 C:\\Users\\surya\\Downloads\\ContentAutomation\\backend-laravel\\vendor\\laravel\\framework\\src\\Illuminate\\Database\\Connection.php(360): Illuminate\\Database\\Connection->selectOne()
#4 C:\\Users\\surya\\Downloads\\ContentAutomation\\backend-laravel\\vendor\\laravel\\framework\\src\\Illuminate\\Database\\Schema\\Builder.php(174): Illuminate\\Database\\Connection->scalar()
#5 C:\\Users\\surya\\Downloads\\ContentAutomation\\backend-laravel\\vendor\\laravel\\framework\\src\\Illuminate\\Database\\Migrations\\DatabaseMigrationRepository.php(185): Illuminate\\Database\\Schema\\Builder->hasTable()
#6 C:\\Users\\surya\\Downloads\\ContentAutomation\\backend-laravel\\vendor\\laravel\\framework\\src\\Illuminate\\Database\\Migrations\\Migrator.php(756): Illuminate\\Database\\Migrations\\DatabaseMigrationRepository->repositoryExists()
#7 C:\\Users\\surya\\Downloads\\ContentAutomation\\backend-laravel\\vendor\\laravel\\framework\\src\\Illuminate\\Database\\Console\\Migrations\\MigrateCommand.php(164): Illuminate\\Database\\Migrations\\Migrator->repositoryExists()
#8 C:\\Users\\surya\\Downloads\\ContentAutomation\\backend-laravel\\vendor\\laravel\\framework\\src\\Illuminate\\Support\\helpers.php(329): Illuminate\\Database\\Console\\Migrations\\MigrateCommand->{closure:Illuminate\\Database\\Console\\Migrations\\MigrateCommand::repositoryExists():164}()
#9 C:\\Users\\surya\\Downloads\\ContentAutomation\\backend-laravel\\vendor\\laravel\\framework\\src\\Illuminate\\Database\\Console\\Migrations\\MigrateCommand.php(164): retry()
#10 C:\\Users\\surya\\Downloads\\ContentAutomation\\backend-laravel\\vendor\\laravel\\framework\\src\\Illuminate\\Database\\Console\\Migrations\\MigrateCommand.php(140): Illuminate\\Database\\Console\\Migrations\\MigrateCommand->repositoryExists()
#11 C:\\Users\\surya\\Downloads\\ContentAutomation\\backend-laravel\\vendor\\laravel\\framework\\src\\Illuminate\\Database\\Console\\Migrations\\MigrateCommand.php(110): Illuminate\\Database\\Console\\Migrations\\MigrateCommand->prepareDatabase()
#12 C:\\Users\\surya\\Downloads\\ContentAutomation\\backend-laravel\\vendor\\laravel\\framework\\src\\Illuminate\\Database\\Migrations\\Migrator.php(669): Illuminate\\Database\\Console\\Migrations\\MigrateCommand->{closure:Illuminate\\Database\\Console\\Migrations\\MigrateCommand::runMigrations():109}()
#13 C:\\Users\\surya\\Downloads\\ContentAutomation\\backend-laravel\\vendor\\laravel\\framework\\src\\Illuminate\\Database\\Console\\Migrations\\MigrateCommand.php(109): Illuminate\\Database\\Migrations\\Migrator->usingConnection()
#14 C:\\Users\\surya\\Downloads\\ContentAutomation\\backend-laravel\\vendor\\laravel\\framework\\src\\Illuminate\\Database\\Console\\Migrations\\MigrateCommand.php(88): Illuminate\\Database\\Console\\Migrations\\MigrateCommand->runMigrations()
#15 C:\\Users\\surya\\Downloads\\ContentAutomation\\backend-laravel\\vendor\\laravel\\framework\\src\\Illuminate\\Container\\BoundMethod.php(36): Illuminate\\Database\\Console\\Migrations\\MigrateCommand->handle()
#16 C:\\Users\\surya\\Downloads\\ContentAutomation\\backend-laravel\\vendor\\laravel\\framework\\src\\Illuminate\\Container\\Util.php(43): Illuminate\\Container\\BoundMethod::{closure:Illuminate\\Container\\BoundMethod::call():35}()
#17 C:\\Users\\surya\\Downloads\\ContentAutomation\\backend-laravel\\vendor\\laravel\\framework\\src\\Illuminate\\Container\\BoundMethod.php(96): Illuminate\\Container\\Util::unwrapIfClosure()
#18 C:\\Users\\surya\\Downloads\\ContentAutomation\\backend-laravel\\vendor\\laravel\\framework\\src\\Illuminate\\Container\\BoundMethod.php(35): Illuminate\\Container\\BoundMethod::callBoundMethod()
#19 C:\\Users\\surya\\Downloads\\ContentAutomation\\backend-laravel\\vendor\\laravel\\framework\\src\\Illuminate\\Container\\Container.php(799): Illuminate\\Container\\BoundMethod::call()
#20 C:\\Users\\surya\\Downloads\\ContentAutomation\\backend-laravel\\vendor\\laravel\\framework\\src\\Illuminate\\Console\\Command.php(211): Illuminate\\Container\\Container->call()
#21 C:\\Users\\surya\\Downloads\\ContentAutomation\\backend-laravel\\vendor\\symfony\\console\\Command\\Command.php(341): Illuminate\\Console\\Command->execute()
#22 C:\\Users\\surya\\Downloads\\ContentAutomation\\backend-laravel\\vendor\\laravel\\framework\\src\\Illuminate\\Console\\Command.php(180): Symfony\\Component\\Console\\Command\\Command->run()
#23 C:\\Users\\surya\\Downloads\\ContentAutomation\\backend-laravel\\vendor\\symfony\\console\\Application.php(1102): Illuminate\\Console\\Command->run()
#24 C:\\Users\\surya\\Downloads\\ContentAutomation\\backend-laravel\\vendor\\symfony\\console\\Application.php(356): Symfony\\Component\\Console\\Application->doRunCommand()
#25 C:\\Users\\surya\\Downloads\\ContentAutomation\\backend-laravel\\vendor\\symfony\\console\\Application.php(195): Symfony\\Component\\Console\\Application->doRun()
#26 C:\\Users\\surya\\Downloads\\ContentAutomation\\backend-laravel\\vendor\\laravel\\framework\\src\\Illuminate\\Foundation\\Console\\Kernel.php(198): Symfony\\Component\\Console\\Application->run()
#27 C:\\Users\\surya\\Downloads\\ContentAutomation\\backend-laravel\\vendor\\laravel\\framework\\src\\Illuminate\\Foundation\\Application.php(1235): Illuminate\\Foundation\\Console\\Kernel->handle()
#28 C:\\Users\\surya\\Downloads\\ContentAutomation\\backend-laravel\\artisan(16): Illuminate\\Foundation\\Application->handleCommand()
#29 {main}

[previous exception] [object] (Illuminate\\Database\\SQLiteDatabaseDoesNotExistException(code: 0): Database file at path [C:\\Users\\surya\\Downloads\\ContentAutomation\\backend-laravel\\database\\database.sqlite] does not exist. Ensure this is an absolute path to the database. at C:\\Users\\surya\\Downloads\\ContentAutomation\\backend-laravel\\vendor\\laravel\\framework\\src\\Illuminate\\Database\\Connectors\\SQLiteConnector.php:60)
[stacktrace]
#0 C:\\Users\\surya\\Downloads\\ContentAutomation\\backend-laravel\\vendor\\laravel\\framework\\src\\Illuminate\\Database\\Connectors\\SQLiteConnector.php(19): Illuminate\\Database\\Connectors\\SQLiteConnector->parseDatabasePath()
#1 C:\\Users\\surya\\Downloads\\ContentAutomation\\backend-laravel\\vendor\\laravel\\framework\\src\\Illuminate\\Database\\Connectors\\ConnectionFactory.php(223): Illuminate\\Database\\Connectors\\SQLiteConnector->connect()
#2 [internal function]: Illuminate\\Database\\Connectors\\ConnectionFactory->{closure:Illuminate\\Database\\Connectors\\ConnectionFactory::createPdoResolverWithoutHosts():223}()
#3 C:\\Users\\surya\\Downloads\\ContentAutomation\\backend-laravel\\vendor\\laravel\\framework\\src\\Illuminate\\Database\\Connection.php(1236): call_user_func()
#4 C:\\Users\\surya\\Downloads\\ContentAutomation\\backend-laravel\\vendor\\laravel\\framework\\src\\Illuminate\\Database\\Connection.php(1272): Illuminate\\Database\\Connection->getPdo()
#5 C:\\Users\\surya\\Downloads\\ContentAutomation\\backend-laravel\\vendor\\laravel\\framework\\src\\Illuminate\\Database\\Connection.php(511): Illuminate\\Database\\Connection->getReadPdo()
#6 C:\\Users\\surya\\Downloads\\ContentAutomation\\backend-laravel\\vendor\\laravel\\framework\\src\\Illuminate\\Database\\Connection.php(406): Illuminate\\Database\\Connection->getPdoForSelect()
#7 C:\\Users\\surya\\Downloads\\ContentAutomation\\backend-laravel\\vendor\\laravel\\framework\\src\\Illuminate\\Database\\Connection.php(813): Illuminate\\Database\\Connection->{closure:Illuminate\\Database\\Connection::select():397}()
#8 C:\\Users\\surya\\Downloads\\ContentAutomation\\backend-laravel\\vendor\\laravel\\framework\\src\\Illuminate\\Database\\Connection.php(780): Illuminate\\Database\\Connection->runQueryCallback()
#9 C:\\Users\\surya\\Downloads\\ContentAutomation\\backend-laravel\\vendor\\laravel\\framework\\src\\Illuminate\\Database\\Connection.php(397): Illuminate\\Database\\Connection->run()
#10 C:\\Users\\surya\\Downloads\\ContentAutomation\\backend-laravel\\vendor\\laravel\\framework\\src\\Illuminate\\Database\\Connection.php(343): Illuminate\\Database\\Connection->select()
#11 C:\\Users\\surya\\Downloads\\ContentAutomation\\backend-laravel\\vendor\\laravel\\framework\\src\\Illuminate\\Database\\Connection.php(360): Illuminate\\Database\\Connection->selectOne()
#12 C:\\Users\\surya\\Downloads\\ContentAutomation\\backend-laravel\\vendor\\laravel\\framework\\src\\Illuminate\\Database\\Schema\\Builder.php(174): Illuminate\\Database\\Connection->scalar()
#13 C:\\Users\\surya\\Downloads\\ContentAutomation\\backend-laravel\\vendor\\laravel\\framework\\src\\Illuminate\\Database\\Migrations\\DatabaseMigrationRepository.php(185): Illuminate\\Database\\Schema\\Builder->hasTable()
#14 C:\\Users\\surya\\Downloads\\ContentAutomation\\backend-laravel\\vendor\\laravel\\framework\\src\\Illuminate\\Database\\Migrations\\Migrator.php(756): Illuminate\\Database\\Migrations\\DatabaseMigrationRepository->repositoryExists()
#15 C:\\Users\\surya\\Downloads\\ContentAutomation\\backend-laravel\\vendor\\laravel\\framework\\src\\Illuminate\\Database\\Console\\Migrations\\MigrateCommand.php(164): Illuminate\\Database\\Migrations\\Migrator->repositoryExists()
#16 C:\\Users\\surya\\Downloads\\ContentAutomation\\backend-laravel\\vendor\\laravel\\framework\\src\\Illuminate\\Support\\helpers.php(329): Illuminate\\Database\\Console\\Migrations\\MigrateCommand->{closure:Illuminate\\Database\\Console\\Migrations\\MigrateCommand::repositoryExists():164}()
#17 C:\\Users\\surya\\Downloads\\ContentAutomation\\backend-laravel\\vendor\\laravel\\framework\\src\\Illuminate\\Database\\Console\\Migrations\\MigrateCommand.php(164): retry()
#18 C:\\Users\\surya\\Downloads\\ContentAutomation\\backend-laravel\\vendor\\laravel\\framework\\src\\Illuminate\\Database\\Console\\Migrations\\MigrateCommand.php(140): Illuminate\\Database\\Console\\Migrations\\MigrateCommand->repositoryExists()
#19 C:\\Users\\surya\\Downloads\\ContentAutomation\\backend-laravel\\vendor\\laravel\\framework\\src\\Illuminate\\Database\\Console\\Migrations\\MigrateCommand.php(110): Illuminate\\Database\\Console\\Migrations\\MigrateCommand->prepareDatabase()
#20 C:\\Users\\surya\\Downloads\\ContentAutomation\\backend-laravel\\vendor\\laravel\\framework\\src\\Illuminate\\Database\\Migrations\\Migrator.php(669): Illuminate\\Database\\Console\\Migrations\\MigrateCommand->{closure:Illuminate\\Database\\Console\\Migrations\\MigrateCommand::runMigrations():109}()
#21 C:\\Users\\surya\\Downloads\\ContentAutomation\\backend-laravel\\vendor\\laravel\\framework\\src\\Illuminate\\Database\\Console\\Migrations\\MigrateCommand.php(109): Illuminate\\Database\\Migrations\\Migrator->usingConnection()
#22 C:\\Users\\surya\\Downloads\\ContentAutomation\\backend-laravel\\vendor\\laravel\\framework\\src\\Illuminate\\Database\\Console\\Migrations\\MigrateCommand.php(88): Illuminate\\Database\\Console\\Migrations\\MigrateCommand->runMigrations()
#23 C:\\Users\\surya\\Downloads\\ContentAutomation\\backend-laravel\\vendor\\laravel\\framework\\src\\Illuminate\\Container\\BoundMethod.php(36): Illuminate\\Database\\Console\\Migrations\\MigrateCommand->handle()
#24 C:\\Users\\surya\\Downloads\\ContentAutomation\\backend-laravel\\vendor\\laravel\\framework\\src\\Illuminate\\Container\\Util.php(43): Illuminate\\Container\\BoundMethod::{closure:Illuminate\\Container\\BoundMethod::call():35}()
#25 C:\\Users\\surya\\Downloads\\ContentAutomation\\backend-laravel\\vendor\\laravel\\framework\\src\\Illuminate\\Container\\BoundMethod.php(96): Illuminate\\Container\\Util::unwrapIfClosure()
#26 C:\\Users\\surya\\Downloads\\ContentAutomation\\backend-laravel\\vendor\\laravel\\framework\\src\\Illuminate\\Container\\BoundMethod.php(35): Illuminate\\Container\\BoundMethod::callBoundMethod()
#27 C:\\Users\\surya\\Downloads\\ContentAutomation\\backend-laravel\\vendor\\laravel\\framework\\src\\Illuminate\\Container\\Container.php(799): Illuminate\\Container\\BoundMethod::call()
#28 C:\\Users\\surya\\Downloads\\ContentAutomation\\backend-laravel\\vendor\\laravel\\framework\\src\\Illuminate\\Console\\Command.php(211): Illuminate\\Container\\Container->call()
#29 C:\\Users\\surya\\Downloads\\ContentAutomation\\backend-laravel\\vendor\\symfony\\console\\Command\\Command.php(341): Illuminate\\Console\\Command->execute()
#30 C:\\Users\\surya\\Downloads\\ContentAutomation\\backend-laravel\\vendor\\laravel\\framework\\src\\Illuminate\\Console\\Command.php(180): Symfony\\Component\\Console\\Command\\Command->run()
#31 C:\\Users\\surya\\Downloads\\ContentAutomation\\backend-laravel\\vendor\\symfony\\console\\Application.php(1102): Illuminate\\Console\\Command->run()
#32 C:\\Users\\surya\\Downloads\\ContentAutomation\\backend-laravel\\vendor\\symfony\\console\\Application.php(356): Symfony\\Component\\Console\\Application->doRunCommand()
#33 C:\\Users\\surya\\Downloads\\ContentAutomation\\backend-laravel\\vendor\\symfony\\console\\Application.php(195): Symfony\\Component\\Console\\Application->doRun()
#34 C:\\Users\\surya\\Downloads\\ContentAutomation\\backend-laravel\\vendor\\laravel\\framework\\src\\Illuminate\\Foundation\\Console\\Kernel.php(198): Symfony\\Component\\Console\\Application->run()
#35 C:\\Users\\surya\\Downloads\\ContentAutomation\\backend-laravel\\vendor\\laravel\\framework\\src\\Illuminate\\Foundation\\Application.php(1235): Illuminate\\Foundation\\Console\\Kernel->handle()
#36 C:\\Users\\surya\\Downloads\\ContentAutomation\\backend-laravel\\artisan(16): Illuminate\\Foundation\\Application->handleCommand()
#37 {main}
"} 
[2025-12-30 14:08:29] local.ERROR: SQLSTATE[08006] [7] connection to server at "127.0.0.1", port 5432 failed: FATAL:  database "content_automation" does not exist (Connection: pgsql, SQL: delete from "cache") {"exception":"[object] (Illuminate\\Database\\QueryException(code: 7): SQLSTATE[08006] [7] connection to server at \"127.0.0.1\", port 5432 failed: FATAL:  database \"content_automation\" does not exist (Connection: pgsql, SQL: delete from \"cache\") at C:\\Users\\surya\\Downloads\\ContentAutomation\\backend-laravel\\vendor\\laravel\\framework\\src\\Illuminate\\Database\\Connection.php:826)
[stacktrace]
#0 C:\\Users\\surya\\Downloads\\ContentAutomation\\backend-laravel\\vendor\\laravel\\framework\\src\\Illuminate\\Database\\Connection.php(780): Illuminate\\Database\\Connection->runQueryCallback()
#1 C:\\Users\\surya\\Downloads\\ContentAutomation\\backend-laravel\\vendor\\laravel\\framework\\src\\Illuminate\\Database\\Connection.php(583): Illuminate\\Database\\Connection->run()
#2 C:\\Users\\surya\\Downloads\\ContentAutomation\\backend-laravel\\vendor\\laravel\\framework\\src\\Illuminate\\Database\\Connection.php(547): Illuminate\\Database\\Connection->affectingStatement()
#3 C:\\Users\\surya\\Downloads\\ContentAutomation\\backend-laravel\\vendor\\laravel\\framework\\src\\Illuminate\\Database\\Query\\Builder.php(4109): Illuminate\\Database\\Connection->delete()
#4 C:\\Users\\surya\\Downloads\\ContentAutomation\\backend-laravel\\vendor\\laravel\\framework\\src\\Illuminate\\Cache\\DatabaseStore.php(423): Illuminate\\Database\\Query\\Builder->delete()
#5 C:\\Users\\surya\\Downloads\\ContentAutomation\\backend-laravel\\vendor\\laravel\\framework\\src\\Illuminate\\Cache\\Repository.php(807): Illuminate\\Cache\\DatabaseStore->flush()
#6 C:\\Users\\surya\\Downloads\\ContentAutomation\\backend-laravel\\vendor\\laravel\\framework\\src\\Illuminate\\Cache\\Console\\ClearCommand.php(68): Illuminate\\Cache\\Repository->__call()
#7 C:\\Users\\surya\\Downloads\\ContentAutomation\\backend-laravel\\vendor\\laravel\\framework\\src\\Illuminate\\Container\\BoundMethod.php(36): Illuminate\\Cache\\Console\\ClearCommand->handle()
#8 C:\\Users\\surya\\Downloads\\ContentAutomation\\backend-laravel\\vendor\\laravel\\framework\\src\\Illuminate\\Container\\Util.php(43): Illuminate\\Container\\BoundMethod::{closure:Illuminate\\Container\\BoundMethod::call():35}()
#9 C:\\Users\\surya\\Downloads\\ContentAutomation\\backend-laravel\\vendor\\laravel\\framework\\src\\Illuminate\\Container\\BoundMethod.php(96): Illuminate\\Container\\Util::unwrapIfClosure()
#10 C:\\Users\\surya\\Downloads\\ContentAutomation\\backend-laravel\\vendor\\laravel\\framework\\src\\Illuminate\\Container\\BoundMethod.php(35): Illuminate\\Container\\BoundMethod::callBoundMethod()
#11 C:\\Users\\surya\\Downloads\\ContentAutomation\\backend-laravel\\vendor\\laravel\\framework\\src\\Illuminate\\Container\\Container.php(799): Illuminate\\Container\\BoundMethod::call()
#12 C:\\Users\\surya\\Downloads\\ContentAutomation\\backend-laravel\\vendor\\laravel\\framework\\src\\Illuminate\\Console\\Command.php(211): Illuminate\\Container\\Container->call()
#13 C:\\Users\\surya\\Downloads\\ContentAutomation\\backend-laravel\\vendor\\symfony\\console\\Command\\Command.php(341): Illuminate\\Console\\Command->execute()
#14 C:\\Users\\surya\\Downloads\\ContentAutomation\\backend-laravel\\vendor\\laravel\\framework\\src\\Illuminate\\Console\\Command.php(180): Symfony\\Component\\Console\\Command\\Command->run()
#15 C:\\Users\\surya\\Downloads\\ContentAutomation\\backend-laravel\\vendor\\symfony\\console\\Application.php(1102): Illuminate\\Console\\Command->run()
#16 C:\\Users\\surya\\Downloads\\ContentAutomation\\backend-laravel\\vendor\\symfony\\console\\Application.php(356): Symfony\\Component\\Console\\Application->doRunCommand()
#17 C:\\Users\\surya\\Downloads\\ContentAutomation\\backend-laravel\\vendor\\symfony\\console\\Application.php(195): Symfony\\Component\\Console\\Application->doRun()
#18 C:\\Users\\surya\\Downloads\\ContentAutomation\\backend-laravel\\vendor\\laravel\\framework\\src\\Illuminate\\Foundation\\Console\\Kernel.php(198): Symfony\\Component\\Console\\Application->run()
#19 C:\\Users\\surya\\Downloads\\ContentAutomation\\backend-laravel\\vendor\\laravel\\framework\\src\\Illuminate\\Foundation\\Application.php(1235): Illuminate\\Foundation\\Console\\Kernel->handle()
#20 C:\\Users\\surya\\Downloads\\ContentAutomation\\backend-laravel\\artisan(16): Illuminate\\Foundation\\Application->handleCommand()
#21 {main}

[previous exception] [object] (PDOException(code: 7): SQLSTATE[08006] [7] connection to server at \"127.0.0.1\", port 5432 failed: FATAL:  database \"content_automation\" does not exist at C:\\Users\\surya\\Downloads\\ContentAutomation\\backend-laravel\\vendor\\laravel\\framework\\src\\Illuminate\\Database\\Connectors\\Connector.php:67)
[stacktrace]
#0 C:\\Users\\surya\\Downloads\\ContentAutomation\\backend-laravel\\vendor\\laravel\\framework\\src\\Illuminate\\Database\\Connectors\\Connector.php(67): PDO::connect()
#1 C:\\Users\\surya\\Downloads\\ContentAutomation\\backend-laravel\\vendor\\laravel\\framework\\src\\Illuminate\\Database\\Connectors\\Connector.php(44): Illuminate\\Database\\Connectors\\Connector->createPdoConnection()
#2 C:\\Users\\surya\\Downloads\\ContentAutomation\\backend-laravel\\vendor\\laravel\\framework\\src\\Illuminate\\Database\\Connectors\\PostgresConnector.php(35): Illuminate\\Database\\Connectors\\Connector->createConnection()
#3 C:\\Users\\surya\\Downloads\\ContentAutomation\\backend-laravel\\vendor\\laravel\\framework\\src\\Illuminate\\Database\\Connectors\\ConnectionFactory.php(184): Illuminate\\Database\\Connectors\\PostgresConnector->connect()
#4 [internal function]: Illuminate\\Database\\Connectors\\ConnectionFactory->{closure:Illuminate\\Database\\Connectors\\ConnectionFactory::createPdoResolverWithHosts():179}()
#5 C:\\Users\\surya\\Downloads\\ContentAutomation\\backend-laravel\\vendor\\laravel\\framework\\src\\Illuminate\\Database\\Connection.php(1236): call_user_func()
#6 C:\\Users\\surya\\Downloads\\ContentAutomation\\backend-laravel\\vendor\\laravel\\framework\\src\\Illuminate\\Database\\Connection.php(591): Illuminate\\Database\\Connection->getPdo()
#7 C:\\Users\\surya\\Downloads\\ContentAutomation\\backend-laravel\\vendor\\laravel\\framework\\src\\Illuminate\\Database\\Connection.php(813): Illuminate\\Database\\Connection->{closure:Illuminate\\Database\\Connection::affectingStatement():583}()
#8 C:\\Users\\surya\\Downloads\\ContentAutomation\\backend-laravel\\vendor\\laravel\\framework\\src\\Illuminate\\Database\\Connection.php(780): Illuminate\\Database\\Connection->runQueryCallback()
#9 C:\\Users\\surya\\Downloads\\ContentAutomation\\backend-laravel\\vendor\\laravel\\framework\\src\\Illuminate\\Database\\Connection.php(583): Illuminate\\Database\\Connection->run()
#10 C:\\Users\\surya\\Downloads\\ContentAutomation\\backend-laravel\\vendor\\laravel\\framework\\src\\Illuminate\\Database\\Connection.php(547): Illuminate\\Database\\Connection->affectingStatement()
#11 C:\\Users\\surya\\Downloads\\ContentAutomation\\backend-laravel\\vendor\\laravel\\framework\\src\\Illuminate\\Database\\Query\\Builder.php(4109): Illuminate\\Database\\Connection->delete()
#12 C:\\Users\\surya\\Downloads\\ContentAutomation\\backend-laravel\\vendor\\laravel\\framework\\src\\Illuminate\\Cache\\DatabaseStore.php(423): Illuminate\\Database\\Query\\Builder->delete()
#13 C:\\Users\\surya\\Downloads\\ContentAutomation\\backend-laravel\\vendor\\laravel\\framework\\src\\Illuminate\\Cache\\Repository.php(807): Illuminate\\Cache\\DatabaseStore->flush()
#14 C:\\Users\\surya\\Downloads\\ContentAutomation\\backend-laravel\\vendor\\laravel\\framework\\src\\Illuminate\\Cache\\Console\\ClearCommand.php(68): Illuminate\\Cache\\Repository->__call()
#15 C:\\Users\\surya\\Downloads\\ContentAutomation\\backend-laravel\\vendor\\laravel\\framework\\src\\Illuminate\\Container\\BoundMethod.php(36): Illuminate\\Cache\\Console\\ClearCommand->handle()
#16 C:\\Users\\surya\\Downloads\\ContentAutomation\\backend-laravel\\vendor\\laravel\\framework\\src\\Illuminate\\Container\\Util.php(43): Illuminate\\Container\\BoundMethod::{closure:Illuminate\\Container\\BoundMethod::call():35}()
#17 C:\\Users\\surya\\Downloads\\ContentAutomation\\backend-laravel\\vendor\\laravel\\framework\\src\\Illuminate\\Container\\BoundMethod.php(96): Illuminate\\Container\\Util::unwrapIfClosure()
#18 C:\\Users\\surya\\Downloads\\ContentAutomation\\backend-laravel\\vendor\\laravel\\framework\\src\\Illuminate\\Container\\BoundMethod.php(35): Illuminate\\Container\\BoundMethod::callBoundMethod()
#19 C:\\Users\\surya\\Downloads\\ContentAutomation\\backend-laravel\\vendor\\laravel\\framework\\src\\Illuminate\\Container\\Container.php(799): Illuminate\\Container\\BoundMethod::call()
#20 C:\\Users\\surya\\Downloads\\ContentAutomation\\backend-laravel\\vendor\\laravel\\framework\\src\\Illuminate\\Console\\Command.php(211): Illuminate\\Container\\Container->call()
#21 C:\\Users\\surya\\Downloads\\ContentAutomation\\backend-laravel\\vendor\\symfony\\console\\Command\\Command.php(341): Illuminate\\Console\\Command->execute()
#22 C:\\Users\\surya\\Downloads\\ContentAutomation\\backend-laravel\\vendor\\laravel\\framework\\src\\Illuminate\\Console\\Command.php(180): Symfony\\Component\\Console\\Command\\Command->run()
#23 C:\\Users\\surya\\Downloads\\ContentAutomation\\backend-laravel\\vendor\\symfony\\console\\Application.php(1102): Illuminate\\Console\\Command->run()
#24 C:\\Users\\surya\\Downloads\\ContentAutomation\\backend-laravel\\vendor\\symfony\\console\\Application.php(356): Symfony\\Component\\Console\\Application->doRunCommand()
#25 C:\\Users\\surya\\Downloads\\ContentAutomation\\backend-laravel\\vendor\\symfony\\console\\Application.php(195): Symfony\\Component\\Console\\Application->doRun()
#26 C:\\Users\\surya\\Downloads\\ContentAutomation\\backend-laravel\\vendor\\laravel\\framework\\src\\Illuminate\\Foundation\\Console\\Kernel.php(198): Symfony\\Component\\Console\\Application->run()
#27 C:\\Users\\surya\\Downloads\\ContentAutomation\\backend-laravel\\vendor\\laravel\\framework\\src\\Illuminate\\Foundation\\Application.php(1235): Illuminate\\Foundation\\Console\\Kernel->handle()
#28 C:\\Users\\surya\\Downloads\\ContentAutomation\\backend-laravel\\artisan(16): Illuminate\\Foundation\\Application->handleCommand()
#29 {main}
"} 
[2025-12-30 14:10:19] local.ERROR: SQLSTATE[08006] [7] connection to server at "127.0.0.1", port 5432 failed: FATAL:  database "content_automation" does not exist (Connection: pgsql, SQL: select exists (select 1 from pg_class c, pg_namespace n where n.nspname = current_schema() and c.relname = 'migrations' and c.relkind in ('r', 'p') and n.oid = c.relnamespace)) {"exception":"[object] (Illuminate\\Database\\QueryException(code: 7): SQLSTATE[08006] [7] connection to server at \"127.0.0.1\", port 5432 failed: FATAL:  database \"content_automation\" does not exist (Connection: pgsql, SQL: select exists (select 1 from pg_class c, pg_namespace n where n.nspname = current_schema() and c.relname = 'migrations' and c.relkind in ('r', 'p') and n.oid = c.relnamespace)) at C:\\Users\\surya\\Downloads\\ContentAutomation\\backend-laravel\\vendor\\laravel\\framework\\src\\Illuminate\\Database\\Connection.php:826)
[stacktrace]
#0 C:\\Users\\surya\\Downloads\\ContentAutomation\\backend-laravel\\vendor\\laravel\\framework\\src\\Illuminate\\Database\\Connection.php(780): Illuminate\\Database\\Connection->runQueryCallback()
#1 C:\\Users\\surya\\Downloads\\ContentAutomation\\backend-laravel\\vendor\\laravel\\framework\\src\\Illuminate\\Database\\Connection.php(397): Illuminate\\Database\\Connection->run()
#2 C:\\Users\\surya\\Downloads\\ContentAutomation\\backend-laravel\\vendor\\laravel\\framework\\src\\Illuminate\\Database\\Connection.php(343): Illuminate\\Database\\Connection->select()
#3 C:\\Users\\surya\\Downloads\\ContentAutomation\\backend-laravel\\vendor\\laravel\\framework\\src\\Illuminate\\Database\\Connection.php(360): Illuminate\\Database\\Connection->selectOne()
#4 C:\\Users\\surya\\Downloads\\ContentAutomation\\backend-laravel\\vendor\\laravel\\framework\\src\\Illuminate\\Database\\Schema\\Builder.php(174): Illuminate\\Database\\Connection->scalar()
#5 C:\\Users\\surya\\Downloads\\ContentAutomation\\backend-laravel\\vendor\\laravel\\framework\\src\\Illuminate\\Database\\Migrations\\DatabaseMigrationRepository.php(185): Illuminate\\Database\\Schema\\Builder->hasTable()
#6 C:\\Users\\surya\\Downloads\\ContentAutomation\\backend-laravel\\vendor\\laravel\\framework\\src\\Illuminate\\Database\\Migrations\\Migrator.php(756): Illuminate\\Database\\Migrations\\DatabaseMigrationRepository->repositoryExists()
#7 C:\\Users\\surya\\Downloads\\ContentAutomation\\backend-laravel\\vendor\\laravel\\framework\\src\\Illuminate\\Database\\Console\\Migrations\\MigrateCommand.php(164): Illuminate\\Database\\Migrations\\Migrator->repositoryExists()
#8 C:\\Users\\surya\\Downloads\\ContentAutomation\\backend-laravel\\vendor\\laravel\\framework\\src\\Illuminate\\Support\\helpers.php(329): Illuminate\\Database\\Console\\Migrations\\MigrateCommand->{closure:Illuminate\\Database\\Console\\Migrations\\MigrateCommand::repositoryExists():164}()
#9 C:\\Users\\surya\\Downloads\\ContentAutomation\\backend-laravel\\vendor\\laravel\\framework\\src\\Illuminate\\Database\\Console\\Migrations\\MigrateCommand.php(164): retry()
#10 C:\\Users\\surya\\Downloads\\ContentAutomation\\backend-laravel\\vendor\\laravel\\framework\\src\\Illuminate\\Database\\Console\\Migrations\\MigrateCommand.php(140): Illuminate\\Database\\Console\\Migrations\\MigrateCommand->repositoryExists()
#11 C:\\Users\\surya\\Downloads\\ContentAutomation\\backend-laravel\\vendor\\laravel\\framework\\src\\Illuminate\\Database\\Console\\Migrations\\MigrateCommand.php(110): Illuminate\\Database\\Console\\Migrations\\MigrateCommand->prepareDatabase()
#12 C:\\Users\\surya\\Downloads\\ContentAutomation\\backend-laravel\\vendor\\laravel\\framework\\src\\Illuminate\\Database\\Migrations\\Migrator.php(669): Illuminate\\Database\\Console\\Migrations\\MigrateCommand->{closure:Illuminate\\Database\\Console\\Migrations\\MigrateCommand::runMigrations():109}()
#13 C:\\Users\\surya\\Downloads\\ContentAutomation\\backend-laravel\\vendor\\laravel\\framework\\src\\Illuminate\\Database\\Console\\Migrations\\MigrateCommand.php(109): Illuminate\\Database\\Migrations\\Migrator->usingConnection()
#14 C:\\Users\\surya\\Downloads\\ContentAutomation\\backend-laravel\\vendor\\laravel\\framework\\src\\Illuminate\\Database\\Console\\Migrations\\MigrateCommand.php(88): Illuminate\\Database\\Console\\Migrations\\MigrateCommand->runMigrations()
#15 C:\\Users\\surya\\Downloads\\ContentAutomation\\backend-laravel\\vendor\\laravel\\framework\\src\\Illuminate\\Container\\BoundMethod.php(36): Illuminate\\Database\\Console\\Migrations\\MigrateCommand->handle()
#16 C:\\Users\\surya\\Downloads\\ContentAutomation\\backend-laravel\\vendor\\laravel\\framework\\src\\Illuminate\\Container\\Util.php(43): Illuminate\\Container\\BoundMethod::{closure:Illuminate\\Container\\BoundMethod::call():35}()
#17 C:\\Users\\surya\\Downloads\\ContentAutomation\\backend-laravel\\vendor\\laravel\\framework\\src\\Illuminate\\Container\\BoundMethod.php(96): Illuminate\\Container\\Util::unwrapIfClosure()
#18 C:\\Users\\surya\\Downloads\\ContentAutomation\\backend-laravel\\vendor\\laravel\\framework\\src\\Illuminate\\Container\\BoundMethod.php(35): Illuminate\\Container\\BoundMethod::callBoundMethod()
#19 C:\\Users\\surya\\Downloads\\ContentAutomation\\backend-laravel\\vendor\\laravel\\framework\\src\\Illuminate\\Container\\Container.php(799): Illuminate\\Container\\BoundMethod::call()
#20 C:\\Users\\surya\\Downloads\\ContentAutomation\\backend-laravel\\vendor\\laravel\\framework\\src\\Illuminate\\Console\\Command.php(211): Illuminate\\Container\\Container->call()
#21 C:\\Users\\surya\\Downloads\\ContentAutomation\\backend-laravel\\vendor\\symfony\\console\\Command\\Command.php(341): Illuminate\\Console\\Command->execute()
#22 C:\\Users\\surya\\Downloads\\ContentAutomation\\backend-laravel\\vendor\\laravel\\framework\\src\\Illuminate\\Console\\Command.php(180): Symfony\\Component\\Console\\Command\\Command->run()
#23 C:\\Users\\surya\\Downloads\\ContentAutomation\\backend-laravel\\vendor\\symfony\\console\\Application.php(1102): Illuminate\\Console\\Command->run()
#24 C:\\Users\\surya\\Downloads\\ContentAutomation\\backend-laravel\\vendor\\symfony\\console\\Application.php(356): Symfony\\Component\\Console\\Application->doRunCommand()
#25 C:\\Users\\surya\\Downloads\\ContentAutomation\\backend-laravel\\vendor\\symfony\\console\\Application.php(195): Symfony\\Component\\Console\\Application->doRun()
#26 C:\\Users\\surya\\Downloads\\ContentAutomation\\backend-laravel\\vendor\\laravel\\framework\\src\\Illuminate\\Foundation\\Console\\Kernel.php(198): Symfony\\Component\\Console\\Application->run()
#27 C:\\Users\\surya\\Downloads\\ContentAutomation\\backend-laravel\\vendor\\laravel\\framework\\src\\Illuminate\\Foundation\\Application.php(1235): Illuminate\\Foundation\\Console\\Kernel->handle()
#28 C:\\Users\\surya\\Downloads\\ContentAutomation\\backend-laravel\\artisan(16): Illuminate\\Foundation\\Application->handleCommand()
#29 {main}

[previous exception] [object] (PDOException(code: 7): SQLSTATE[08006] [7] connection to server at \"127.0.0.1\", port 5432 failed: FATAL:  database \"content_automation\" does not exist at C:\\Users\\surya\\Downloads\\ContentAutomation\\backend-laravel\\vendor\\laravel\\framework\\src\\Illuminate\\Database\\Connectors\\Connector.php:67)
[stacktrace]
#0 C:\\Users\\surya\\Downloads\\ContentAutomation\\backend-laravel\\vendor\\laravel\\framework\\src\\Illuminate\\Database\\Connectors\\Connector.php(67): PDO::connect()
#1 C:\\Users\\surya\\Downloads\\ContentAutomation\\backend-laravel\\vendor\\laravel\\framework\\src\\Illuminate\\Database\\Connectors\\Connector.php(44): Illuminate\\Database\\Connectors\\Connector->createPdoConnection()
#2 C:\\Users\\surya\\Downloads\\ContentAutomation\\backend-laravel\\vendor\\laravel\\framework\\src\\Illuminate\\Database\\Connectors\\PostgresConnector.php(35): Illuminate\\Database\\Connectors\\Connector->createConnection()
#3 C:\\Users\\surya\\Downloads\\ContentAutomation\\backend-laravel\\vendor\\laravel\\framework\\src\\Illuminate\\Database\\Connectors\\ConnectionFactory.php(184): Illuminate\\Database\\Connectors\\PostgresConnector->connect()
#4 [internal function]: Illuminate\\Database\\Connectors\\ConnectionFactory->{closure:Illuminate\\Database\\Connectors\\ConnectionFactory::createPdoResolverWithHosts():179}()
#5 C:\\Users\\surya\\Downloads\\ContentAutomation\\backend-laravel\\vendor\\laravel\\framework\\src\\Illuminate\\Database\\Connection.php(1236): call_user_func()
#6 C:\\Users\\surya\\Downloads\\ContentAutomation\\backend-laravel\\vendor\\laravel\\framework\\src\\Illuminate\\Database\\Connection.php(1272): Illuminate\\Database\\Connection->getPdo()
#7 C:\\Users\\surya\\Downloads\\ContentAutomation\\backend-laravel\\vendor\\laravel\\framework\\src\\Illuminate\\Database\\Connection.php(511): Illuminate\\Database\\Connection->getReadPdo()
#8 C:\\Users\\surya\\Downloads\\ContentAutomation\\backend-laravel\\vendor\\laravel\\framework\\src\\Illuminate\\Database\\Connection.php(406): Illuminate\\Database\\Connection->getPdoForSelect()
#9 C:\\Users\\surya\\Downloads\\ContentAutomation\\backend-laravel\\vendor\\laravel\\framework\\src\\Illuminate\\Database\\Connection.php(813): Illuminate\\Database\\Connection->{closure:Illuminate\\Database\\Connection::select():397}()
#10 C:\\Users\\surya\\Downloads\\ContentAutomation\\backend-laravel\\vendor\\laravel\\framework\\src\\Illuminate\\Database\\Connection.php(780): Illuminate\\Database\\Connection->runQueryCallback()
#11 C:\\Users\\surya\\Downloads\\ContentAutomation\\backend-laravel\\vendor\\laravel\\framework\\src\\Illuminate\\Database\\Connection.php(397): Illuminate\\Database\\Connection->run()
#12 C:\\Users\\surya\\Downloads\\ContentAutomation\\backend-laravel\\vendor\\laravel\\framework\\src\\Illuminate\\Database\\Connection.php(343): Illuminate\\Database\\Connection->select()
#13 C:\\Users\\surya\\Downloads\\ContentAutomation\\backend-laravel\\vendor\\laravel\\framework\\src\\Illuminate\\Database\\Connection.php(360): Illuminate\\Database\\Connection->selectOne()
#14 C:\\Users\\surya\\Downloads\\ContentAutomation\\backend-laravel\\vendor\\laravel\\framework\\src\\Illuminate\\Database\\Schema\\Builder.php(174): Illuminate\\Database\\Connection->scalar()
#15 C:\\Users\\surya\\Downloads\\ContentAutomation\\backend-laravel\\vendor\\laravel\\framework\\src\\Illuminate\\Database\\Migrations\\DatabaseMigrationRepository.php(185): Illuminate\\Database\\Schema\\Builder->hasTable()
#16 C:\\Users\\surya\\Downloads\\ContentAutomation\\backend-laravel\\vendor\\laravel\\framework\\src\\Illuminate\\Database\\Migrations\\Migrator.php(756): Illuminate\\Database\\Migrations\\DatabaseMigrationRepository->repositoryExists()
#17 C:\\Users\\surya\\Downloads\\ContentAutomation\\backend-laravel\\vendor\\laravel\\framework\\src\\Illuminate\\Database\\Console\\Migrations\\MigrateCommand.php(164): Illuminate\\Database\\Migrations\\Migrator->repositoryExists()
#18 C:\\Users\\surya\\Downloads\\ContentAutomation\\backend-laravel\\vendor\\laravel\\framework\\src\\Illuminate\\Support\\helpers.php(329): Illuminate\\Database\\Console\\Migrations\\MigrateCommand->{closure:Illuminate\\Database\\Console\\Migrations\\MigrateCommand::repositoryExists():164}()
#19 C:\\Users\\surya\\Downloads\\ContentAutomation\\backend-laravel\\vendor\\laravel\\framework\\src\\Illuminate\\Database\\Console\\Migrations\\MigrateCommand.php(164): retry()
#20 C:\\Users\\surya\\Downloads\\ContentAutomation\\backend-laravel\\vendor\\laravel\\framework\\src\\Illuminate\\Database\\Console\\Migrations\\MigrateCommand.php(140): Illuminate\\Database\\Console\\Migrations\\MigrateCommand->repositoryExists()
#21 C:\\Users\\surya\\Downloads\\ContentAutomation\\backend-laravel\\vendor\\laravel\\framework\\src\\Illuminate\\Database\\Console\\Migrations\\MigrateCommand.php(110): Illuminate\\Database\\Console\\Migrations\\MigrateCommand->prepareDatabase()
#22 C:\\Users\\surya\\Downloads\\ContentAutomation\\backend-laravel\\vendor\\laravel\\framework\\src\\Illuminate\\Database\\Migrations\\Migrator.php(669): Illuminate\\Database\\Console\\Migrations\\MigrateCommand->{closure:Illuminate\\Database\\Console\\Migrations\\MigrateCommand::runMigrations():109}()
#23 C:\\Users\\surya\\Downloads\\ContentAutomation\\backend-laravel\\vendor\\laravel\\framework\\src\\Illuminate\\Database\\Console\\Migrations\\MigrateCommand.php(109): Illuminate\\Database\\Migrations\\Migrator->usingConnection()
#24 C:\\Users\\surya\\Downloads\\ContentAutomation\\backend-laravel\\vendor\\laravel\\framework\\src\\Illuminate\\Database\\Console\\Migrations\\MigrateCommand.php(88): Illuminate\\Database\\Console\\Migrations\\MigrateCommand->runMigrations()
#25 C:\\Users\\surya\\Downloads\\ContentAutomation\\backend-laravel\\vendor\\laravel\\framework\\src\\Illuminate\\Container\\BoundMethod.php(36): Illuminate\\Database\\Console\\Migrations\\MigrateCommand->handle()
#26 C:\\Users\\surya\\Downloads\\ContentAutomation\\backend-laravel\\vendor\\laravel\\framework\\src\\Illuminate\\Container\\Util.php(43): Illuminate\\Container\\BoundMethod::{closure:Illuminate\\Container\\BoundMethod::call():35}()
#27 C:\\Users\\surya\\Downloads\\ContentAutomation\\backend-laravel\\vendor\\laravel\\framework\\src\\Illuminate\\Container\\BoundMethod.php(96): Illuminate\\Container\\Util::unwrapIfClosure()
#28 C:\\Users\\surya\\Downloads\\ContentAutomation\\backend-laravel\\vendor\\laravel\\framework\\src\\Illuminate\\Container\\BoundMethod.php(35): Illuminate\\Container\\BoundMethod::callBoundMethod()
#29 C:\\Users\\surya\\Downloads\\ContentAutomation\\backend-laravel\\vendor\\laravel\\framework\\src\\Illuminate\\Container\\Container.php(799): Illuminate\\Container\\BoundMethod::call()
#30 C:\\Users\\surya\\Downloads\\ContentAutomation\\backend-laravel\\vendor\\laravel\\framework\\src\\Illuminate\\Console\\Command.php(211): Illuminate\\Container\\Container->call()
#31 C:\\Users\\surya\\Downloads\\ContentAutomation\\backend-laravel\\vendor\\symfony\\console\\Command\\Command.php(341): Illuminate\\Console\\Command->execute()
#32 C:\\Users\\surya\\Downloads\\ContentAutomation\\backend-laravel\\vendor\\laravel\\framework\\src\\Illuminate\\Console\\Command.php(180): Symfony\\Component\\Console\\Command\\Command->run()
#33 C:\\Users\\surya\\Downloads\\ContentAutomation\\backend-laravel\\vendor\\symfony\\console\\Application.php(1102): Illuminate\\Console\\Command->run()
#34 C:\\Users\\surya\\Downloads\\ContentAutomation\\backend-laravel\\vendor\\symfony\\console\\Application.php(356): Symfony\\Component\\Console\\Application->doRunCommand()
#35 C:\\Users\\surya\\Downloads\\ContentAutomation\\backend-laravel\\vendor\\symfony\\console\\Application.php(195): Symfony\\Component\\Console\\Application->doRun()
#36 C:\\Users\\surya\\Downloads\\ContentAutomation\\backend-laravel\\vendor\\laravel\\framework\\src\\Illuminate\\Foundation\\Console\\Kernel.php(198): Symfony\\Component\\Console\\Application->run()
#37 C:\\Users\\surya\\Downloads\\ContentAutomation\\backend-laravel\\vendor\\laravel\\framework\\src\\Illuminate\\Foundation\\Application.php(1235): Illuminate\\Foundation\\Console\\Kernel->handle()
#38 C:\\Users\\surya\\Downloads\\ContentAutomation\\backend-laravel\\artisan(16): Illuminate\\Foundation\\Application->handleCommand()
#39 {main}
"} 
[2025-12-30 14:11:18] local.ERROR: The provided cwd "C:\Users\surya\Downloads\ContentAutomation\backend-laravel\public" does not exist. {"exception":"[object] (Symfony\\Component\\Process\\Exception\\RuntimeException(code: 0): The provided cwd \"C:\\Users\\surya\\Downloads\\ContentAutomation\\backend-laravel\\public\" does not exist. at C:\\Users\\surya\\Downloads\\ContentAutomation\\backend-laravel\\vendor\\symfony\\process\\Process.php:347)
[stacktrace]
#0 C:\\Users\\surya\\Downloads\\ContentAutomation\\backend-laravel\\vendor\\laravel\\framework\\src\\Illuminate\\Foundation\\Console\\ServeCommand.php(199): Symfony\\Component\\Process\\Process->start()
#1 C:\\Users\\surya\\Downloads\\ContentAutomation\\backend-laravel\\vendor\\laravel\\framework\\src\\Illuminate\\Foundation\\Console\\ServeCommand.php(138): Illuminate\\Foundation\\Console\\ServeCommand->startProcess()
#2 C:\\Users\\surya\\Downloads\\ContentAutomation\\backend-laravel\\vendor\\laravel\\framework\\src\\Illuminate\\Container\\BoundMethod.php(36): Illuminate\\Foundation\\Console\\ServeCommand->handle()
#3 C:\\Users\\surya\\Downloads\\ContentAutomation\\backend-laravel\\vendor\\laravel\\framework\\src\\Illuminate\\Container\\Util.php(43): Illuminate\\Container\\BoundMethod::{closure:Illuminate\\Container\\BoundMethod::call():35}()
#4 C:\\Users\\surya\\Downloads\\ContentAutomation\\backend-laravel\\vendor\\laravel\\framework\\src\\Illuminate\\Container\\BoundMethod.php(96): Illuminate\\Container\\Util::unwrapIfClosure()
#5 C:\\Users\\surya\\Downloads\\ContentAutomation\\backend-laravel\\vendor\\laravel\\framework\\src\\Illuminate\\Container\\BoundMethod.php(35): Illuminate\\Container\\BoundMethod::callBoundMethod()
#6 C:\\Users\\surya\\Downloads\\ContentAutomation\\backend-laravel\\vendor\\laravel\\framework\\src\\Illuminate\\Container\\Container.php(799): Illuminate\\Container\\BoundMethod::call()
#7 C:\\Users\\surya\\Downloads\\ContentAutomation\\backend-laravel\\vendor\\laravel\\framework\\src\\Illuminate\\Console\\Command.php(211): Illuminate\\Container\\Container->call()
#8 C:\\Users\\surya\\Downloads\\ContentAutomation\\backend-laravel\\vendor\\symfony\\console\\Command\\Command.php(341): Illuminate\\Console\\Command->execute()
#9 C:\\Users\\surya\\Downloads\\ContentAutomation\\backend-laravel\\vendor\\laravel\\framework\\src\\Illuminate\\Console\\Command.php(180): Symfony\\Component\\Console\\Command\\Command->run()
#10 C:\\Users\\surya\\Downloads\\ContentAutomation\\backend-laravel\\vendor\\symfony\\console\\Application.php(1102): Illuminate\\Console\\Command->run()
#11 C:\\Users\\surya\\Downloads\\ContentAutomation\\backend-laravel\\vendor\\symfony\\console\\Application.php(356): Symfony\\Component\\Console\\Application->doRunCommand()
#12 C:\\Users\\surya\\Downloads\\ContentAutomation\\backend-laravel\\vendor\\symfony\\console\\Application.php(195): Symfony\\Component\\Console\\Application->doRun()
#13 C:\\Users\\surya\\Downloads\\ContentAutomation\\backend-laravel\\vendor\\laravel\\framework\\src\\Illuminate\\Foundation\\Console\\Kernel.php(198): Symfony\\Component\\Console\\Application->run()
#14 C:\\Users\\surya\\Downloads\\ContentAutomation\\backend-laravel\\vendor\\laravel\\framework\\src\\Illuminate\\Foundation\\Application.php(1235): Illuminate\\Foundation\\Console\\Kernel->handle()
#15 C:\\Users\\surya\\Downloads\\ContentAutomation\\backend-laravel\\artisan(16): Illuminate\\Foundation\\Application->handleCommand()
#16 {main}
"} 
[2025-12-30 14:13:26] local.ERROR: Please provide a valid cache path. {"exception":"[object] (InvalidArgumentException(code: 0): Please provide a valid cache path. at C:\\Users\\surya\\Downloads\\ContentAutomation\\backend-laravel\\vendor\\laravel\\framework\\src\\Illuminate\\View\\Compilers\\Compiler.php:75)
[stacktrace]
#0 C:\\Users\\surya\\Downloads\\ContentAutomation\\backend-laravel\\vendor\\laravel\\framework\\src\\Illuminate\\View\\ViewServiceProvider.php(97): Illuminate\\View\\Compilers\\Compiler->__construct()
#1 C:\\Users\\surya\\Downloads\\ContentAutomation\\backend-laravel\\vendor\\laravel\\framework\\src\\Illuminate\\Container\\Container.php(1115): Illuminate\\View\\ViewServiceProvider->{closure:Illuminate\\View\\ViewServiceProvider::registerBladeCompiler():96}()
#2 C:\\Users\\surya\\Downloads\\ContentAutomation\\backend-laravel\\vendor\\laravel\\framework\\src\\Illuminate\\Container\\Container.php(933): Illuminate\\Container\\Container->build()
#3 C:\\Users\\surya\\Downloads\\ContentAutomation\\backend-laravel\\vendor\\laravel\\framework\\src\\Illuminate\\Foundation\\Application.php(1078): Illuminate\\Container\\Container->resolve()
#4 C:\\Users\\surya\\Downloads\\ContentAutomation\\backend-laravel\\vendor\\laravel\\framework\\src\\Illuminate\\Container\\Container.php(864): Illuminate\\Foundation\\Application->resolve()
#5 C:\\Users\\surya\\Downloads\\ContentAutomation\\backend-laravel\\vendor\\laravel\\framework\\src\\Illuminate\\Foundation\\Application.php(1058): Illuminate\\Container\\Container->make()
#6 C:\\Users\\surya\\Downloads\\ContentAutomation\\backend-laravel\\vendor\\laravel\\framework\\src\\Illuminate\\View\\ViewServiceProvider.php(169): Illuminate\\Foundation\\Application->make()
#7 [internal function]: Illuminate\\View\\ViewServiceProvider->{closure:Illuminate\\View\\ViewServiceProvider::registerBladeEngine():165}()
#8 C:\\Users\\surya\\Downloads\\ContentAutomation\\backend-laravel\\vendor\\laravel\\framework\\src\\Illuminate\\View\\Engines\\EngineResolver.php(55): call_user_func()
#9 C:\\Users\\surya\\Downloads\\ContentAutomation\\backend-laravel\\vendor\\laravel\\framework\\src\\Illuminate\\View\\Factory.php(325): Illuminate\\View\\Engines\\EngineResolver->resolve()
#10 C:\\Users\\surya\\Downloads\\ContentAutomation\\backend-laravel\\vendor\\laravel\\framework\\src\\Illuminate\\View\\Factory.php(287): Illuminate\\View\\Factory->getEngineFromPath()
#11 C:\\Users\\surya\\Downloads\\ContentAutomation\\backend-laravel\\vendor\\laravel\\framework\\src\\Illuminate\\View\\Factory.php(159): Illuminate\\View\\Factory->viewInstance()
#12 C:\\Users\\surya\\Downloads\\ContentAutomation\\backend-laravel\\vendor\\laravel\\framework\\src\\Illuminate\\Foundation\\helpers.php(1101): Illuminate\\View\\Factory->make()
#13 C:\\Users\\surya\\Downloads\\ContentAutomation\\backend-laravel\\routes\\web.php(6): view()
#14 C:\\Users\\surya\\Downloads\\ContentAutomation\\backend-laravel\\vendor\\laravel\\framework\\src\\Illuminate\\Routing\\CallableDispatcher.php(39): Illuminate\\Routing\\RouteFileRegistrar->{closure:C:\\Users\\surya\\Downloads\\ContentAutomation\\backend-laravel\\routes\\web.php:5}()
#15 C:\\Users\\surya\\Downloads\\ContentAutomation\\backend-laravel\\vendor\\laravel\\framework\\src\\Illuminate\\Routing\\Route.php(243): Illuminate\\Routing\\CallableDispatcher->dispatch()
#16 C:\\Users\\surya\\Downloads\\ContentAutomation\\backend-laravel\\vendor\\laravel\\framework\\src\\Illuminate\\Routing\\Route.php(214): Illuminate\\Routing\\Route->runCallable()
#17 C:\\Users\\surya\\Downloads\\ContentAutomation\\backend-laravel\\vendor\\laravel\\framework\\src\\Illuminate\\Routing\\Router.php(822): Illuminate\\Routing\\Route->run()
#18 C:\\Users\\surya\\Downloads\\ContentAutomation\\backend-laravel\\vendor\\laravel\\framework\\src\\Illuminate\\Pipeline\\Pipeline.php(180): Illuminate\\Routing\\Router->{closure:Illuminate\\Routing\\Router::runRouteWithinStack():821}()
#19 C:\\Users\\surya\\Downloads\\ContentAutomation\\backend-laravel\\vendor\\laravel\\framework\\src\\Illuminate\\Routing\\Middleware\\SubstituteBindings.php(50): Illuminate\\Pipeline\\Pipeline->{closure:Illuminate\\Pipeline\\Pipeline::prepareDestination():178}()
#20 C:\\Users\\surya\\Downloads\\ContentAutomation\\backend-laravel\\vendor\\laravel\\framework\\src\\Illuminate\\Pipeline\\Pipeline.php(219): Illuminate\\Routing\\Middleware\\SubstituteBindings->handle()
#21 C:\\Users\\surya\\Downloads\\ContentAutomation\\backend-laravel\\vendor\\laravel\\framework\\src\\Illuminate\\Foundation\\Http\\Middleware\\VerifyCsrfToken.php(87): Illuminate\\Pipeline\\Pipeline->{closure:{closure:Illuminate\\Pipeline\\Pipeline::carry():194}:195}()
#22 C:\\Users\\surya\\Downloads\\ContentAutomation\\backend-laravel\\vendor\\laravel\\framework\\src\\Illuminate\\Pipeline\\Pipeline.php(219): Illuminate\\Foundation\\Http\\Middleware\\VerifyCsrfToken->handle()
#23 C:\\Users\\surya\\Downloads\\ContentAutomation\\backend-laravel\\vendor\\laravel\\framework\\src\\Illuminate\\View\\Middleware\\ShareErrorsFromSession.php(48): Illuminate\\Pipeline\\Pipeline->{closure:{closure:Illuminate\\Pipeline\\Pipeline::carry():194}:195}()
#24 C:\\Users\\surya\\Downloads\\ContentAutomation\\backend-laravel\\vendor\\laravel\\framework\\src\\Illuminate\\Pipeline\\Pipeline.php(219): Illuminate\\View\\Middleware\\ShareErrorsFromSession->handle()
#25 C:\\Users\\surya\\Downloads\\ContentAutomation\\backend-laravel\\vendor\\laravel\\framework\\src\\Illuminate\\Session\\Middleware\\StartSession.php(120): Illuminate\\Pipeline\\Pipeline->{closure:{closure:Illuminate\\Pipeline\\Pipeline::carry():194}:195}()
#26 C:\\Users\\surya\\Downloads\\ContentAutomation\\backend-laravel\\vendor\\laravel\\framework\\src\\Illuminate\\Session\\Middleware\\StartSession.php(63): Illuminate\\Session\\Middleware\\StartSession->handleStatefulRequest()
#27 C:\\Users\\surya\\Downloads\\ContentAutomation\\backend-laravel\\vendor\\laravel\\framework\\src\\Illuminate\\Pipeline\\Pipeline.php(219): Illuminate\\Session\\Middleware\\StartSession->handle()
#28 C:\\Users\\surya\\Downloads\\ContentAutomation\\backend-laravel\\vendor\\laravel\\framework\\src\\Illuminate\\Cookie\\Middleware\\AddQueuedCookiesToResponse.php(36): Illuminate\\Pipeline\\Pipeline->{closure:{closure:Illuminate\\Pipeline\\Pipeline::carry():194}:195}()
#29 C:\\Users\\surya\\Downloads\\ContentAutomation\\backend-laravel\\vendor\\laravel\\framework\\src\\Illuminate\\Pipeline\\Pipeline.php(219): Illuminate\\Cookie\\Middleware\\AddQueuedCookiesToResponse->handle()
#30 C:\\Users\\surya\\Downloads\\ContentAutomation\\backend-laravel\\vendor\\laravel\\framework\\src\\Illuminate\\Cookie\\Middleware\\EncryptCookies.php(74): Illuminate\\Pipeline\\Pipeline->{closure:{closure:Illuminate\\Pipeline\\Pipeline::carry():194}:195}()
#31 C:\\Users\\surya\\Downloads\\ContentAutomation\\backend-laravel\\vendor\\laravel\\framework\\src\\Illuminate\\Pipeline\\Pipeline.php(219): Illuminate\\Cookie\\Middleware\\EncryptCookies->handle()
#32 C:\\Users\\surya\\Downloads\\ContentAutomation\\backend-laravel\\vendor\\laravel\\framework\\src\\Illuminate\\Pipeline\\Pipeline.php(137): Illuminate\\Pipeline\\Pipeline->{closure:{closure:Illuminate\\Pipeline\\Pipeline::carry():194}:195}()
#33 C:\\Users\\surya\\Downloads\\ContentAutomation\\backend-laravel\\vendor\\laravel\\framework\\src\\Illuminate\\Routing\\Router.php(821): Illuminate\\Pipeline\\Pipeline->then()
#34 C:\\Users\\surya\\Downloads\\ContentAutomation\\backend-laravel\\vendor\\laravel\\framework\\src\\Illuminate\\Routing\\Router.php(800): Illuminate\\Routing\\Router->runRouteWithinStack()
#35 C:\\Users\\surya\\Downloads\\ContentAutomation\\backend-laravel\\vendor\\laravel\\framework\\src\\Illuminate\\Routing\\Router.php(764): Illuminate\\Routing\\Router->runRoute()
#36 C:\\Users\\surya\\Downloads\\ContentAutomation\\backend-laravel\\vendor\\laravel\\framework\\src\\Illuminate\\Routing\\Router.php(753): Illuminate\\Routing\\Router->dispatchToRoute()
#37 C:\\Users\\surya\\Downloads\\ContentAutomation\\backend-laravel\\vendor\\laravel\\framework\\src\\Illuminate\\Foundation\\Http\\Kernel.php(200): Illuminate\\Routing\\Router->dispatch()
#38 C:\\Users\\surya\\Downloads\\ContentAutomation\\backend-laravel\\vendor\\laravel\\framework\\src\\Illuminate\\Pipeline\\Pipeline.php(180): Illuminate\\Foundation\\Http\\Kernel->{closure:Illuminate\\Foundation\\Http\\Kernel::dispatchToRouter():197}()
#39 C:\\Users\\surya\\Downloads\\ContentAutomation\\backend-laravel\\vendor\\laravel\\framework\\src\\Illuminate\\Foundation\\Http\\Middleware\\TransformsRequest.php(21): Illuminate\\Pipeline\\Pipeline->{closure:Illuminate\\Pipeline\\Pipeline::prepareDestination():178}()
#40 C:\\Users\\surya\\Downloads\\ContentAutomation\\backend-laravel\\vendor\\laravel\\framework\\src\\Illuminate\\Foundation\\Http\\Middleware\\ConvertEmptyStringsToNull.php(31): Illuminate\\Foundation\\Http\\Middleware\\TransformsRequest->handle()
#41 C:\\Users\\surya\\Downloads\\ContentAutomation\\backend-laravel\\vendor\\laravel\\framework\\src\\Illuminate\\Pipeline\\Pipeline.php(219): Illuminate\\Foundation\\Http\\Middleware\\ConvertEmptyStringsToNull->handle()
#42 C:\\Users\\surya\\Downloads\\ContentAutomation\\backend-laravel\\vendor\\laravel\\framework\\src\\Illuminate\\Foundation\\Http\\Middleware\\TransformsRequest.php(21): Illuminate\\Pipeline\\Pipeline->{closure:{closure:Illuminate\\Pipeline\\Pipeline::carry():194}:195}()
#43 C:\\Users\\surya\\Downloads\\ContentAutomation\\backend-laravel\\vendor\\laravel\\framework\\src\\Illuminate\\Foundation\\Http\\Middleware\\TrimStrings.php(51): Illuminate\\Foundation\\Http\\Middleware\\TransformsRequest->handle()
#44 C:\\Users\\surya\\Downloads\\ContentAutomation\\backend-laravel\\vendor\\laravel\\framework\\src\\Illuminate\\Pipeline\\Pipeline.php(219): Illuminate\\Foundation\\Http\\Middleware\\TrimStrings->handle()
#45 C:\\Users\\surya\\Downloads\\ContentAutomation\\backend-laravel\\vendor\\laravel\\framework\\src\\Illuminate\\Http\\Middleware\\ValidatePostSize.php(27): Illuminate\\Pipeline\\Pipeline->{closure:{closure:Illuminate\\Pipeline\\Pipeline::carry():194}:195}()
#46 C:\\Users\\surya\\Downloads\\ContentAutomation\\backend-laravel\\vendor\\laravel\\framework\\src\\Illuminate\\Pipeline\\Pipeline.php(219): Illuminate\\Http\\Middleware\\ValidatePostSize->handle()
#47 C:\\Users\\surya\\Downloads\\ContentAutomation\\backend-laravel\\vendor\\laravel\\framework\\src\\Illuminate\\Foundation\\Http\\Middleware\\PreventRequestsDuringMaintenance.php(109): Illuminate\\Pipeline\\Pipeline->{closure:{closure:Illuminate\\Pipeline\\Pipeline::carry():194}:195}()
#48 C:\\Users\\surya\\Downloads\\ContentAutomation\\backend-laravel\\vendor\\laravel\\framework\\src\\Illuminate\\Pipeline\\Pipeline.php(219): Illuminate\\Foundation\\Http\\Middleware\\PreventRequestsDuringMaintenance->handle()
#49 C:\\Users\\surya\\Downloads\\ContentAutomation\\backend-laravel\\vendor\\laravel\\framework\\src\\Illuminate\\Http\\Middleware\\HandleCors.php(48): Illuminate\\Pipeline\\Pipeline->{closure:{closure:Illuminate\\Pipeline\\Pipeline::carry():194}:195}()
#50 C:\\Users\\surya\\Downloads\\ContentAutomation\\backend-laravel\\vendor\\laravel\\framework\\src\\Illuminate\\Pipeline\\Pipeline.php(219): Illuminate\\Http\\Middleware\\HandleCors->handle()
#51 C:\\Users\\surya\\Downloads\\ContentAutomation\\backend-laravel\\vendor\\laravel\\framework\\src\\Illuminate\\Http\\Middleware\\TrustProxies.php(58): Illuminate\\Pipeline\\Pipeline->{closure:{closure:Illuminate\\Pipeline\\Pipeline::carry():194}:195}()
#52 C:\\Users\\surya\\Downloads\\ContentAutomation\\backend-laravel\\vendor\\laravel\\framework\\src\\Illuminate\\Pipeline\\Pipeline.php(219): Illuminate\\Http\\Middleware\\TrustProxies->handle()
#53 C:\\Users\\surya\\Downloads\\ContentAutomation\\backend-laravel\\vendor\\laravel\\framework\\src\\Illuminate\\Foundation\\Http\\Middleware\\InvokeDeferredCallbacks.php(22): Illuminate\\Pipeline\\Pipeline->{closure:{closure:Illuminate\\Pipeline\\Pipeline::carry():194}:195}()
#54 C:\\Users\\surya\\Downloads\\ContentAutomation\\backend-laravel\\vendor\\laravel\\framework\\src\\Illuminate\\Pipeline\\Pipeline.php(219): Illuminate\\Foundation\\Http\\Middleware\\InvokeDeferredCallbacks->handle()
#55 C:\\Users\\surya\\Downloads\\ContentAutomation\\backend-laravel\\vendor\\laravel\\framework\\src\\Illuminate\\Http\\Middleware\\ValidatePathEncoding.php(26): Illuminate\\Pipeline\\Pipeline->{closure:{closure:Illuminate\\Pipeline\\Pipeline::carry():194}:195}()
#56 C:\\Users\\surya\\Downloads\\ContentAutomation\\backend-laravel\\vendor\\laravel\\framework\\src\\Illuminate\\Pipeline\\Pipeline.php(219): Illuminate\\Http\\Middleware\\ValidatePathEncoding->handle()
#57 C:\\Users\\surya\\Downloads\\ContentAutomation\\backend-laravel\\vendor\\laravel\\framework\\src\\Illuminate\\Pipeline\\Pipeline.php(137): Illuminate\\Pipeline\\Pipeline->{closure:{closure:Illuminate\\Pipeline\\Pipeline::carry():194}:195}()
#58 C:\\Users\\surya\\Downloads\\ContentAutomation\\backend-laravel\\vendor\\laravel\\framework\\src\\Illuminate\\Foundation\\Http\\Kernel.php(175): Illuminate\\Pipeline\\Pipeline->then()
#59 C:\\Users\\surya\\Downloads\\ContentAutomation\\backend-laravel\\vendor\\laravel\\framework\\src\\Illuminate\\Foundation\\Http\\Kernel.php(144): Illuminate\\Foundation\\Http\\Kernel->sendRequestThroughRouter()
#60 C:\\Users\\surya\\Downloads\\ContentAutomation\\backend-laravel\\vendor\\laravel\\framework\\src\\Illuminate\\Foundation\\Application.php(1220): Illuminate\\Foundation\\Http\\Kernel->handle()
#61 C:\\Users\\surya\\Downloads\\ContentAutomation\\backend-laravel\\public\\index.php(20): Illuminate\\Foundation\\Application->handleRequest()
#62 C:\\Users\\surya\\Downloads\\ContentAutomation\\backend-laravel\\vendor\\laravel\\framework\\src\\Illuminate\\Foundation\\resources\\server.php(23): require_once('...')
#63 {main}
"} 
